<?xml version="1.0" encoding="UTF-8"?>
<!-- Generated by org.testng.reporters.JUnitReportReporter -->
<testsuite hostname="LAPTOP-4CJHACFT" failures="0" tests="4" name="cucumberOptions.TestRunner" time="75.775" errors="1" timestamp="2021-08-09T14:40:26 CDT" skipped="0">
  <testcase classname="cucumberOptions.TestRunner" name="runScenario" time="11.043"/>
  <system-out/>
  <testcase classname="cucumberOptions.TestRunner" name="runScenario" time="10.139"/>
  <system-out/>
  <testcase classname="cucumberOptions.TestRunner" name="runScenario" time="29.853"/>
  <system-out/>
  <testcase classname="cucumberOptions.TestRunner" name="runScenario" time="24.740">
    <error message="Cannot locate an element using css selector=input[id=&#039;id_gender1&#039;]
For documentation on this error, please visit: https://www.seleniumhq.org/exceptions/no_such_element.html
Build info: version: &#039;3.141.59&#039;, revision: &#039;e82be7d358&#039;, time: &#039;2018-11-14T08:17:03&#039;
System info: host: &#039;LAPTOP-4CJHACFT&#039;, ip: &#039;192.168.100.86&#039;, os.name: &#039;Windows 10&#039;, os.arch: &#039;amd64&#039;, os.version: &#039;10.0&#039;, java.version: &#039;16.0.1&#039;
Driver info: driver.version: RemoteWebDriver" type="org.openqa.selenium.NoSuchElementException">
      <![CDATA[org.openqa.selenium.NoSuchElementException: Cannot locate an element using css selector=input[id='id_gender1']
For documentation on this error, please visit: https://www.seleniumhq.org/exceptions/no_such_element.html
Build info: version: '3.141.59', revision: 'e82be7d358', time: '2018-11-14T08:17:03'
System info: host: 'LAPTOP-4CJHACFT', ip: '192.168.100.86', os.name: 'Windows 10', os.arch: 'amd64', os.version: '10.0', java.version: '16.0.1'
Driver info: driver.version: RemoteWebDriver
at org.openqa.selenium.remote.RemoteWebDriver.findElement(RemoteWebDriver.java:327)
at org.openqa.selenium.remote.RemoteWebDriver.findElementByCssSelector(RemoteWebDriver.java:420)
at org.openqa.selenium.By$ByCssSelector.findElement(By.java:431)
at org.openqa.selenium.remote.RemoteWebDriver.findElement(RemoteWebDriver.java:315)
at pageObjects.CreateAccPage.getGender(CreateAccPage.java:30)
at stepDefinitions.stepDefinition.user_provides_information_to_register_with(stepDefinition.java:47)
at âœ½.User provides information to Register with(file:///C:/Users/102333781/eclipse-workspace/E2EProject/src/test/java/features/signup.feature:6)
]]>
    </error>
  </testcase> <!-- runScenario -->
  <system-out/>
</testsuite> <!-- cucumberOptions.TestRunner -->
